{"/home/gabrielpr/Documentos/usefashionstore/backend/src/data/test/index.ts": {"path":"/home/gabrielpr/Documentos/usefashionstore/backend/src/data/test/index.ts","statementMap":{"0":{"start":{"line":1,"column":0},"end":{"line":1,"column":34}},"1":{"start":{"line":2,"column":0},"end":{"line":2,"column":31}},"2":{"start":{"line":3,"column":0},"end":{"line":3,"column":30}}},"fnMap":{},"branchMap":{},"s":{"0":3,"1":3,"2":3},"f":{},"b":{}}
,"/home/gabrielpr/Documentos/usefashionstore/backend/src/data/test/mockCriptography.ts": {"path":"/home/gabrielpr/Documentos/usefashionstore/backend/src/data/test/mockCriptography.ts","statementMap":{"0":{"start":{"line":6,"column":26},"end":{"line":14,"column":1}},"1":{"start":{"line":9,"column":6},"end":{"line":9,"column":null}},"2":{"start":{"line":13,"column":2},"end":{"line":13,"column":null}},"3":{"start":{"line":6,"column":13},"end":{"line":6,"column":26}},"4":{"start":{"line":16,"column":29},"end":{"line":24,"column":1}},"5":{"start":{"line":19,"column":6},"end":{"line":19,"column":null}},"6":{"start":{"line":23,"column":2},"end":{"line":23,"column":null}},"7":{"start":{"line":16,"column":13},"end":{"line":16,"column":29}},"8":{"start":{"line":26,"column":29},"end":{"line":34,"column":1}},"9":{"start":{"line":29,"column":6},"end":{"line":29,"column":null}},"10":{"start":{"line":33,"column":2},"end":{"line":33,"column":null}},"11":{"start":{"line":26,"column":13},"end":{"line":26,"column":29}},"12":{"start":{"line":36,"column":32},"end":{"line":44,"column":1}},"13":{"start":{"line":39,"column":6},"end":{"line":39,"column":null}},"14":{"start":{"line":43,"column":2},"end":{"line":43,"column":null}},"15":{"start":{"line":36,"column":13},"end":{"line":36,"column":32}}},"fnMap":{"0":{"name":"(anonymous_0)","decl":{"start":{"line":6,"column":26},"end":{"line":6,"column":37}},"loc":{"start":{"line":6,"column":39},"end":{"line":14,"column":1}}},"1":{"name":"(anonymous_1)","decl":{"start":{"line":8,"column":4},"end":{"line":8,"column":9}},"loc":{"start":{"line":8,"column":29},"end":{"line":10,"column":5}}},"2":{"name":"(anonymous_2)","decl":{"start":{"line":16,"column":29},"end":{"line":16,"column":43}},"loc":{"start":{"line":16,"column":45},"end":{"line":24,"column":1}}},"3":{"name":"(anonymous_3)","decl":{"start":{"line":18,"column":4},"end":{"line":18,"column":9}},"loc":{"start":{"line":18,"column":32},"end":{"line":20,"column":5}}},"4":{"name":"(anonymous_4)","decl":{"start":{"line":26,"column":29},"end":{"line":26,"column":43}},"loc":{"start":{"line":26,"column":45},"end":{"line":34,"column":1}}},"5":{"name":"(anonymous_5)","decl":{"start":{"line":28,"column":4},"end":{"line":28,"column":9}},"loc":{"start":{"line":28,"column":29},"end":{"line":30,"column":5}}},"6":{"name":"(anonymous_6)","decl":{"start":{"line":36,"column":32},"end":{"line":36,"column":49}},"loc":{"start":{"line":36,"column":51},"end":{"line":44,"column":1}}},"7":{"name":"(anonymous_7)","decl":{"start":{"line":38,"column":4},"end":{"line":38,"column":9}},"loc":{"start":{"line":38,"column":46},"end":{"line":40,"column":5}}}},"branchMap":{},"s":{"0":3,"1":0,"2":0,"3":3,"4":3,"5":5,"6":7,"7":3,"8":3,"9":6,"10":11,"11":3,"12":3,"13":7,"14":11,"15":3},"f":{"0":0,"1":0,"2":7,"3":5,"4":11,"5":6,"6":11,"7":7},"b":{}}
,"/home/gabrielpr/Documentos/usefashionstore/backend/src/data/test/mockDbAccount.ts": {"path":"/home/gabrielpr/Documentos/usefashionstore/backend/src/data/test/mockDbAccount.ts","statementMap":{"0":{"start":{"line":2,"column":0},"end":{"line":2,"column":64}},"1":{"start":{"line":9,"column":40},"end":{"line":17,"column":1}},"2":{"start":{"line":12,"column":6},"end":{"line":12,"column":null}},"3":{"start":{"line":16,"column":2},"end":{"line":16,"column":null}},"4":{"start":{"line":9,"column":13},"end":{"line":9,"column":40}},"5":{"start":{"line":19,"column":48},"end":{"line":27,"column":1}},"6":{"start":{"line":22,"column":6},"end":{"line":22,"column":null}},"7":{"start":{"line":26,"column":2},"end":{"line":26,"column":null}},"8":{"start":{"line":19,"column":13},"end":{"line":19,"column":48}},"9":{"start":{"line":29,"column":48},"end":{"line":37,"column":1}},"10":{"start":{"line":32,"column":6},"end":{"line":32,"column":null}},"11":{"start":{"line":36,"column":2},"end":{"line":36,"column":null}},"12":{"start":{"line":29,"column":13},"end":{"line":29,"column":48}},"13":{"start":{"line":39,"column":47},"end":{"line":47,"column":1}},"14":{"start":{"line":42,"column":6},"end":{"line":42,"column":null}},"15":{"start":{"line":46,"column":2},"end":{"line":46,"column":null}},"16":{"start":{"line":39,"column":13},"end":{"line":39,"column":47}}},"fnMap":{"0":{"name":"(anonymous_0)","decl":{"start":{"line":9,"column":40},"end":{"line":9,"column":65}},"loc":{"start":{"line":9,"column":67},"end":{"line":17,"column":1}}},"1":{"name":"(anonymous_1)","decl":{"start":{"line":11,"column":4},"end":{"line":11,"column":9}},"loc":{"start":{"line":11,"column":40},"end":{"line":13,"column":5}}},"2":{"name":"(anonymous_2)","decl":{"start":{"line":19,"column":48},"end":{"line":19,"column":81}},"loc":{"start":{"line":19,"column":83},"end":{"line":27,"column":1}}},"3":{"name":"(anonymous_3)","decl":{"start":{"line":21,"column":4},"end":{"line":21,"column":9}},"loc":{"start":{"line":21,"column":36},"end":{"line":23,"column":5}}},"4":{"name":"(anonymous_4)","decl":{"start":{"line":29,"column":48},"end":{"line":29,"column":81}},"loc":{"start":{"line":29,"column":83},"end":{"line":37,"column":1}}},"5":{"name":"(anonymous_5)","decl":{"start":{"line":31,"column":4},"end":{"line":31,"column":9}},"loc":{"start":{"line":31,"column":50},"end":{"line":33,"column":5}}},"6":{"name":"(anonymous_6)","decl":{"start":{"line":39,"column":47},"end":{"line":39,"column":79}},"loc":{"start":{"line":39,"column":81},"end":{"line":47,"column":1}}},"7":{"name":"(anonymous_7)","decl":{"start":{"line":41,"column":4},"end":{"line":41,"column":9}},"loc":{"start":{"line":41,"column":54},"end":{"line":43,"column":5}}}},"branchMap":{},"s":{"0":3,"1":3,"2":0,"3":0,"4":3,"5":3,"6":9,"7":11,"8":3,"9":3,"10":3,"11":7,"12":3,"13":3,"14":5,"15":11,"16":3},"f":{"0":0,"1":0,"2":11,"3":9,"4":7,"5":3,"6":11,"7":5},"b":{}}
,"/home/gabrielpr/Documentos/usefashionstore/backend/src/data/test/mockLogError.ts": {"path":"/home/gabrielpr/Documentos/usefashionstore/backend/src/data/test/mockLogError.ts","statementMap":{"0":{"start":{"line":3,"column":38},"end":{"line":11,"column":1}},"1":{"start":{"line":6,"column":6},"end":{"line":6,"column":null}},"2":{"start":{"line":10,"column":2},"end":{"line":10,"column":null}},"3":{"start":{"line":3,"column":13},"end":{"line":3,"column":38}}},"fnMap":{"0":{"name":"(anonymous_0)","decl":{"start":{"line":3,"column":38},"end":{"line":3,"column":61}},"loc":{"start":{"line":3,"column":63},"end":{"line":11,"column":1}}},"1":{"name":"(anonymous_1)","decl":{"start":{"line":5,"column":4},"end":{"line":5,"column":9}},"loc":{"start":{"line":5,"column":33},"end":{"line":7,"column":5}}}},"branchMap":{},"s":{"0":3,"1":1,"2":3,"3":3},"f":{"0":3,"1":1},"b":{}}
,"/home/gabrielpr/Documentos/usefashionstore/backend/src/data/useCases/account/addAccount/dbAddAccount.ts": {"path":"/home/gabrielpr/Documentos/usefashionstore/backend/src/data/useCases/account/addAccount/dbAddAccount.ts","statementMap":{"0":{"start":{"line":17,"column":4},"end":{"line":17,"column":null}},"1":{"start":{"line":18,"column":4},"end":{"line":18,"column":null}},"2":{"start":{"line":19,"column":4},"end":{"line":19,"column":null}},"3":{"start":{"line":23,"column":27},"end":{"line":23,"column":97}},"4":{"start":{"line":24,"column":4},"end":{"line":28,"column":null}},"5":{"start":{"line":25,"column":29},"end":{"line":25,"column":73}},"6":{"start":{"line":26,"column":22},"end":{"line":26,"column":113}},"7":{"start":{"line":27,"column":6},"end":{"line":27,"column":null}},"8":{"start":{"line":29,"column":4},"end":{"line":29,"column":null}},"9":{"start":{"line":7,"column":0},"end":{"line":7,"column":13}}},"fnMap":{"0":{"name":"(anonymous_0)","decl":{"start":{"line":12,"column":2},"end":{"line":12,"column":null}},"loc":{"start":{"line":15,"column":62},"end":{"line":20,"column":3}}},"1":{"name":"(anonymous_1)","decl":{"start":{"line":22,"column":2},"end":{"line":22,"column":7}},"loc":{"start":{"line":22,"column":42},"end":{"line":30,"column":3}}}},"branchMap":{"0":{"loc":{"start":{"line":24,"column":4},"end":{"line":28,"column":null}},"type":"if","locations":[{"start":{"line":24,"column":4},"end":{"line":28,"column":null}}]}},"s":{"0":5,"1":5,"2":5,"3":0,"4":0,"5":0,"6":0,"7":0,"8":0,"9":5},"f":{"0":5,"1":0},"b":{"0":[0]}}
,"/home/gabrielpr/Documentos/usefashionstore/backend/src/data/useCases/account/authentication/dbAuthentication.ts": {"path":"/home/gabrielpr/Documentos/usefashionstore/backend/src/data/useCases/account/authentication/dbAuthentication.ts","statementMap":{"0":{"start":{"line":22,"column":4},"end":{"line":22,"column":null}},"1":{"start":{"line":23,"column":4},"end":{"line":23,"column":null}},"2":{"start":{"line":24,"column":4},"end":{"line":24,"column":null}},"3":{"start":{"line":25,"column":4},"end":{"line":25,"column":null}},"4":{"start":{"line":29,"column":20},"end":{"line":29,"column":93}},"5":{"start":{"line":30,"column":4},"end":{"line":37,"column":null}},"6":{"start":{"line":31,"column":22},"end":{"line":31,"column":96}},"7":{"start":{"line":32,"column":6},"end":{"line":36,"column":null}},"8":{"start":{"line":33,"column":28},"end":{"line":33,"column":68}},"9":{"start":{"line":34,"column":8},"end":{"line":34,"column":null}},"10":{"start":{"line":35,"column":8},"end":{"line":35,"column":null}},"11":{"start":{"line":38,"column":4},"end":{"line":38,"column":null}},"12":{"start":{"line":10,"column":0},"end":{"line":10,"column":13}}},"fnMap":{"0":{"name":"(anonymous_0)","decl":{"start":{"line":16,"column":2},"end":{"line":16,"column":null}},"loc":{"start":{"line":20,"column":60},"end":{"line":26,"column":3}}},"1":{"name":"(anonymous_1)","decl":{"start":{"line":28,"column":2},"end":{"line":28,"column":7}},"loc":{"start":{"line":28,"column":50},"end":{"line":39,"column":3}}}},"branchMap":{"0":{"loc":{"start":{"line":30,"column":4},"end":{"line":37,"column":null}},"type":"if","locations":[{"start":{"line":30,"column":4},"end":{"line":37,"column":null}}]},"1":{"loc":{"start":{"line":32,"column":6},"end":{"line":36,"column":null}},"type":"if","locations":[{"start":{"line":32,"column":6},"end":{"line":36,"column":null}}]}},"s":{"0":21,"1":21,"2":21,"3":21,"4":11,"5":10,"6":9,"7":8,"8":7,"9":6,"10":5,"11":2,"12":6},"f":{"0":21,"1":11},"b":{"0":[9],"1":[7]}}
,"/home/gabrielpr/Documentos/usefashionstore/backend/src/data/useCases/account/authentication/dbAuthenticationProtocols.ts": {"path":"/home/gabrielpr/Documentos/usefashionstore/backend/src/data/useCases/account/authentication/dbAuthenticationProtocols.ts","statementMap":{"0":{"start":{"line":1,"column":0},"end":{"line":1,"column":49}},"1":{"start":{"line":2,"column":0},"end":{"line":2,"column":66}},"2":{"start":{"line":3,"column":0},"end":{"line":3,"column":69}},"3":{"start":{"line":4,"column":0},"end":{"line":4,"column":65}},"4":{"start":{"line":5,"column":0},"end":{"line":5,"column":82}},"5":{"start":{"line":6,"column":0},"end":{"line":6,"column":81}}},"fnMap":{},"branchMap":{},"s":{"0":0,"1":0,"2":0,"3":0,"4":0,"5":0},"f":{},"b":{}}
,"/home/gabrielpr/Documentos/usefashionstore/backend/src/data/useCases/account/loadAccountByToken/dbLoadAccountByToken.ts": {"path":"/home/gabrielpr/Documentos/usefashionstore/backend/src/data/useCases/account/loadAccountByToken/dbLoadAccountByToken.ts","statementMap":{"0":{"start":{"line":13,"column":4},"end":{"line":13,"column":null}},"1":{"start":{"line":14,"column":4},"end":{"line":14,"column":null}},"2":{"start":{"line":18,"column":18},"end":{"line":18,"column":59}},"3":{"start":{"line":19,"column":4},"end":{"line":24,"column":null}},"4":{"start":{"line":20,"column":22},"end":{"line":20,"column":92}},"5":{"start":{"line":21,"column":6},"end":{"line":23,"column":null}},"6":{"start":{"line":22,"column":8},"end":{"line":22,"column":null}},"7":{"start":{"line":25,"column":4},"end":{"line":25,"column":null}},"8":{"start":{"line":8,"column":0},"end":{"line":8,"column":13}}},"fnMap":{"0":{"name":"(anonymous_0)","decl":{"start":{"line":12,"column":2},"end":{"line":12,"column":15}},"loc":{"start":{"line":12,"column":65},"end":{"line":15,"column":3}}},"1":{"name":"(anonymous_1)","decl":{"start":{"line":17,"column":2},"end":{"line":17,"column":7}},"loc":{"start":{"line":17,"column":48},"end":{"line":26,"column":3}}}},"branchMap":{"0":{"loc":{"start":{"line":19,"column":4},"end":{"line":24,"column":null}},"type":"if","locations":[{"start":{"line":19,"column":4},"end":{"line":24,"column":null}}]},"1":{"loc":{"start":{"line":21,"column":6},"end":{"line":23,"column":null}},"type":"if","locations":[{"start":{"line":21,"column":6},"end":{"line":23,"column":null}}]}},"s":{"0":7,"1":7,"2":7,"3":6,"4":5,"5":4,"6":3,"7":2,"8":1},"f":{"0":7,"1":7},"b":{"0":[5],"1":[3]}}
,"/home/gabrielpr/Documentos/usefashionstore/backend/src/data/useCases/account/loadAccountByToken/dbLoadAccountByTokenProtocols.ts": {"path":"/home/gabrielpr/Documentos/usefashionstore/backend/src/data/useCases/account/loadAccountByToken/dbLoadAccountByTokenProtocols.ts","statementMap":{"0":{"start":{"line":1,"column":0},"end":{"line":1,"column":70}},"1":{"start":{"line":2,"column":0},"end":{"line":2,"column":57}},"2":{"start":{"line":3,"column":0},"end":{"line":3,"column":74}},"3":{"start":{"line":4,"column":0},"end":{"line":4,"column":59}}},"fnMap":{},"branchMap":{},"s":{"0":0,"1":0,"2":0,"3":0},"f":{},"b":{}}
,"/home/gabrielpr/Documentos/usefashionstore/backend/src/domain/test/httpHelper.ts": {"path":"/home/gabrielpr/Documentos/usefashionstore/backend/src/domain/test/httpHelper.ts","statementMap":{"0":{"start":{"line":1,"column":26},"end":{"line":3,"column":1}},"1":{"start":{"line":2,"column":2},"end":{"line":2,"column":null}},"2":{"start":{"line":1,"column":13},"end":{"line":1,"column":26}}},"fnMap":{"0":{"name":"(anonymous_0)","decl":{"start":{"line":1,"column":26},"end":{"line":1,"column":35}},"loc":{"start":{"line":1,"column":37},"end":{"line":3,"column":1}}}},"branchMap":{},"s":{"0":7,"1":10,"2":7},"f":{"0":10},"b":{}}
,"/home/gabrielpr/Documentos/usefashionstore/backend/src/domain/test/index.ts": {"path":"/home/gabrielpr/Documentos/usefashionstore/backend/src/domain/test/index.ts","statementMap":{"0":{"start":{"line":1,"column":0},"end":{"line":1,"column":29}},"1":{"start":{"line":2,"column":0},"end":{"line":2,"column":28}}},"fnMap":{},"branchMap":{},"s":{"0":6,"1":6},"f":{},"b":{}}
,"/home/gabrielpr/Documentos/usefashionstore/backend/src/domain/test/mockAccount.ts": {"path":"/home/gabrielpr/Documentos/usefashionstore/backend/src/domain/test/mockAccount.ts","statementMap":{"0":{"start":{"line":5,"column":32},"end":{"line":10,"column":2}},"1":{"start":{"line":5,"column":53},"end":{"line":10,"column":2}},"2":{"start":{"line":5,"column":13},"end":{"line":5,"column":32}},"3":{"start":{"line":12,"column":36},"end":{"line":16,"column":2}},"4":{"start":{"line":12,"column":61},"end":{"line":16,"column":2}},"5":{"start":{"line":12,"column":13},"end":{"line":12,"column":36}},"6":{"start":{"line":18,"column":38},"end":{"line":21,"column":2}},"7":{"start":{"line":18,"column":67},"end":{"line":21,"column":2}},"8":{"start":{"line":18,"column":13},"end":{"line":18,"column":38}}},"fnMap":{"0":{"name":"(anonymous_0)","decl":{"start":{"line":5,"column":32},"end":{"line":5,"column":49}},"loc":{"start":{"line":5,"column":53},"end":{"line":10,"column":2}}},"1":{"name":"(anonymous_1)","decl":{"start":{"line":12,"column":36},"end":{"line":12,"column":57}},"loc":{"start":{"line":12,"column":61},"end":{"line":16,"column":2}}},"2":{"name":"(anonymous_2)","decl":{"start":{"line":18,"column":38},"end":{"line":18,"column":63}},"loc":{"start":{"line":18,"column":67},"end":{"line":21,"column":2}}}},"branchMap":{},"s":{"0":7,"1":21,"2":7,"3":7,"4":0,"5":7,"6":7,"7":11,"8":7},"f":{"0":21,"1":0,"2":11},"b":{}}
,"/home/gabrielpr/Documentos/usefashionstore/backend/src/infra/criptography/bcryptAdapter/bcryptAdapter.ts": {"path":"/home/gabrielpr/Documentos/usefashionstore/backend/src/infra/criptography/bcryptAdapter/bcryptAdapter.ts","statementMap":{"0":{"start":{"line":1,"column":0},"end":{"line":1,"column":27}},"1":{"start":{"line":8,"column":4},"end":{"line":8,"column":null}},"2":{"start":{"line":12,"column":17},"end":{"line":12,"column":52}},"3":{"start":{"line":13,"column":4},"end":{"line":13,"column":null}},"4":{"start":{"line":17,"column":20},"end":{"line":17,"column":53}},"5":{"start":{"line":18,"column":4},"end":{"line":18,"column":null}},"6":{"start":{"line":5,"column":0},"end":{"line":5,"column":13}}},"fnMap":{"0":{"name":"(anonymous_1)","decl":{"start":{"line":7,"column":2},"end":{"line":7,"column":15}},"loc":{"start":{"line":7,"column":27},"end":{"line":9,"column":3}}},"1":{"name":"(anonymous_2)","decl":{"start":{"line":11,"column":2},"end":{"line":11,"column":7}},"loc":{"start":{"line":11,"column":27},"end":{"line":14,"column":3}}},"2":{"name":"(anonymous_3)","decl":{"start":{"line":16,"column":2},"end":{"line":16,"column":7}},"loc":{"start":{"line":16,"column":44},"end":{"line":19,"column":3}}}},"branchMap":{},"s":{"0":6,"1":22,"2":3,"3":2,"4":4,"5":3,"6":6},"f":{"0":22,"1":3,"2":4},"b":{}}
,"/home/gabrielpr/Documentos/usefashionstore/backend/src/infra/criptography/jwtAdapter/jwtAdapter.ts": {"path":"/home/gabrielpr/Documentos/usefashionstore/backend/src/infra/criptography/jwtAdapter/jwtAdapter.ts","statementMap":{"0":{"start":{"line":2,"column":0},"end":{"line":2,"column":30}},"1":{"start":{"line":7,"column":4},"end":{"line":7,"column":null}},"2":{"start":{"line":11,"column":24},"end":{"line":11,"column":66}},"3":{"start":{"line":12,"column":4},"end":{"line":12,"column":null}},"4":{"start":{"line":16,"column":23},"end":{"line":16,"column":59}},"5":{"start":{"line":17,"column":4},"end":{"line":17,"column":null}},"6":{"start":{"line":4,"column":0},"end":{"line":4,"column":13}}},"fnMap":{"0":{"name":"(anonymous_1)","decl":{"start":{"line":6,"column":2},"end":{"line":6,"column":15}},"loc":{"start":{"line":6,"column":29},"end":{"line":8,"column":3}}},"1":{"name":"(anonymous_2)","decl":{"start":{"line":10,"column":2},"end":{"line":10,"column":7}},"loc":{"start":{"line":10,"column":30},"end":{"line":13,"column":3}}},"2":{"name":"(anonymous_3)","decl":{"start":{"line":15,"column":2},"end":{"line":15,"column":7}},"loc":{"start":{"line":15,"column":30},"end":{"line":18,"column":3}}}},"branchMap":{},"s":{"0":6,"1":16,"2":3,"3":2,"4":3,"5":2,"6":6},"f":{"0":16,"1":3,"2":3},"b":{}}
,"/home/gabrielpr/Documentos/usefashionstore/backend/src/infra/db/mongoDb/account/accountMongoRepository.ts": {"path":"/home/gabrielpr/Documentos/usefashionstore/backend/src/infra/db/mongoDb/account/accountMongoRepository.ts","statementMap":{"0":{"start":{"line":4,"column":0},"end":{"line":4,"column":51}},"1":{"start":{"line":11,"column":30},"end":{"line":11,"column":73}},"2":{"start":{"line":12,"column":19},"end":{"line":12,"column":65}},"3":{"start":{"line":13,"column":21},"end":{"line":13,"column":34}},"4":{"start":{"line":14,"column":4},"end":{"line":14,"column":null}},"5":{"start":{"line":18,"column":30},"end":{"line":18,"column":73}},"6":{"start":{"line":19,"column":20},"end":{"line":19,"column":62}},"7":{"start":{"line":20,"column":4},"end":{"line":22,"column":null}},"8":{"start":{"line":21,"column":6},"end":{"line":21,"column":null}},"9":{"start":{"line":26,"column":30},"end":{"line":26,"column":73}},"10":{"start":{"line":27,"column":4},"end":{"line":33,"column":null}},"11":{"start":{"line":37,"column":30},"end":{"line":37,"column":73}},"12":{"start":{"line":38,"column":20},"end":{"line":45,"column":6}},"13":{"start":{"line":46,"column":4},"end":{"line":48,"column":null}},"14":{"start":{"line":47,"column":6},"end":{"line":47,"column":null}},"15":{"start":{"line":9,"column":0},"end":{"line":9,"column":13}}},"fnMap":{"0":{"name":"(anonymous_0)","decl":{"start":{"line":10,"column":2},"end":{"line":10,"column":7}},"loc":{"start":{"line":10,"column":42},"end":{"line":15,"column":3}}},"1":{"name":"(anonymous_1)","decl":{"start":{"line":17,"column":2},"end":{"line":17,"column":7}},"loc":{"start":{"line":17,"column":34},"end":{"line":23,"column":3}}},"2":{"name":"(anonymous_2)","decl":{"start":{"line":25,"column":2},"end":{"line":25,"column":7}},"loc":{"start":{"line":25,"column":52},"end":{"line":34,"column":3}}},"3":{"name":"(anonymous_3)","decl":{"start":{"line":36,"column":2},"end":{"line":36,"column":7}},"loc":{"start":{"line":36,"column":49},"end":{"line":49,"column":3}}}},"branchMap":{"0":{"loc":{"start":{"line":20,"column":4},"end":{"line":22,"column":null}},"type":"if","locations":[{"start":{"line":20,"column":4},"end":{"line":22,"column":null}}]},"1":{"loc":{"start":{"line":46,"column":4},"end":{"line":48,"column":null}},"type":"if","locations":[{"start":{"line":46,"column":4},"end":{"line":48,"column":null}}]}},"s":{"0":6,"1":0,"2":0,"3":0,"4":0,"5":0,"6":0,"7":0,"8":0,"9":0,"10":0,"11":0,"12":0,"13":0,"14":0,"15":6},"f":{"0":0,"1":0,"2":0,"3":0},"b":{"0":[0],"1":[0]}}
,"/home/gabrielpr/Documentos/usefashionstore/backend/src/infra/db/mongoDb/helper/mongoHelper.ts": {"path":"/home/gabrielpr/Documentos/usefashionstore/backend/src/infra/db/mongoDb/helper/mongoHelper.ts","statementMap":{"0":{"start":{"line":1,"column":0},"end":{"line":1,"column":49}},"1":{"start":{"line":3,"column":13},"end":{"line":35,"column":null}},"2":{"start":{"line":7,"column":4},"end":{"line":7,"column":null}},"3":{"start":{"line":8,"column":4},"end":{"line":11,"column":null}},"4":{"start":{"line":15,"column":4},"end":{"line":15,"column":null}},"5":{"start":{"line":16,"column":4},"end":{"line":16,"column":null}},"6":{"start":{"line":21,"column":4},"end":{"line":23,"column":null}},"7":{"start":{"line":22,"column":6},"end":{"line":22,"column":null}},"8":{"start":{"line":24,"column":4},"end":{"line":24,"column":null}},"9":{"start":{"line":28,"column":44},"end":{"line":28,"column":48}},"10":{"start":{"line":29,"column":4},"end":{"line":29,"column":null}},"11":{"start":{"line":33,"column":4},"end":{"line":33,"column":null}},"12":{"start":{"line":33,"column":31},"end":{"line":33,"column":49}}},"fnMap":{"0":{"name":"(anonymous_0)","decl":{"start":{"line":6,"column":2},"end":{"line":6,"column":7}},"loc":{"start":{"line":6,"column":28},"end":{"line":12,"column":3}}},"1":{"name":"(anonymous_1)","decl":{"start":{"line":14,"column":2},"end":{"line":14,"column":7}},"loc":{"start":{"line":14,"column":18},"end":{"line":17,"column":3}}},"2":{"name":"(anonymous_2)","decl":{"start":{"line":19,"column":2},"end":{"line":19,"column":7}},"loc":{"start":{"line":19,"column":35},"end":{"line":25,"column":3}}},"3":{"name":"(anonymous_3)","decl":{"start":{"line":27,"column":7},"end":{"line":27,"column":8}},"loc":{"start":{"line":27,"column":26},"end":{"line":30,"column":3}}},"4":{"name":"(anonymous_4)","decl":{"start":{"line":32,"column":17},"end":{"line":32,"column":18}},"loc":{"start":{"line":32,"column":46},"end":{"line":34,"column":3}}},"5":{"name":"(anonymous_5)","decl":{"start":{"line":33,"column":26},"end":{"line":33,"column":27}},"loc":{"start":{"line":33,"column":31},"end":{"line":33,"column":49}}}},"branchMap":{"0":{"loc":{"start":{"line":21,"column":4},"end":{"line":23,"column":null}},"type":"if","locations":[{"start":{"line":21,"column":4},"end":{"line":23,"column":null}}]},"1":{"loc":{"start":{"line":21,"column":9},"end":{"line":21,"column":35}},"type":"cond-expr","locations":[{"start":{"line":21,"column":20},"end":{"line":21,"column":22}},{"start":{"line":21,"column":20},"end":{"line":21,"column":35}}]},"2":{"loc":{"start":{"line":21,"column":9},"end":{"line":21,"column":22}},"type":"binary-expr","locations":[{"start":{"line":21,"column":9},"end":{"line":21,"column":22}},{"start":{"line":21,"column":20},"end":{"line":21,"column":22}}]}},"s":{"0":8,"1":8,"2":4,"3":4,"4":4,"5":0,"6":0,"7":0,"8":0,"9":0,"10":0,"11":0,"12":0},"f":{"0":4,"1":4,"2":0,"3":0,"4":0,"5":0},"b":{"0":[0],"1":[0,0],"2":[0,0]}}
,"/home/gabrielpr/Documentos/usefashionstore/backend/src/infra/db/mongoDb/log/logMongoRepository.ts": {"path":"/home/gabrielpr/Documentos/usefashionstore/backend/src/infra/db/mongoDb/log/logMongoRepository.ts","statementMap":{"0":{"start":{"line":2,"column":0},"end":{"line":2,"column":51}},"1":{"start":{"line":6,"column":28},"end":{"line":6,"column":69}},"2":{"start":{"line":7,"column":4},"end":{"line":10,"column":null}},"3":{"start":{"line":4,"column":0},"end":{"line":4,"column":13}}},"fnMap":{"0":{"name":"(anonymous_0)","decl":{"start":{"line":5,"column":2},"end":{"line":5,"column":7}},"loc":{"start":{"line":5,"column":31},"end":{"line":11,"column":3}}}},"branchMap":{},"s":{"0":6,"1":0,"2":0,"3":6},"f":{"0":0},"b":{}}
,"/home/gabrielpr/Documentos/usefashionstore/backend/src/infra/validators/emailValidatorAdapter.ts": {"path":"/home/gabrielpr/Documentos/usefashionstore/backend/src/infra/validators/emailValidatorAdapter.ts","statementMap":{"0":{"start":{"line":2,"column":0},"end":{"line":2,"column":33}},"1":{"start":{"line":6,"column":4},"end":{"line":6,"column":null}},"2":{"start":{"line":4,"column":0},"end":{"line":4,"column":13}}},"fnMap":{"0":{"name":"(anonymous_1)","decl":{"start":{"line":5,"column":2},"end":{"line":5,"column":9}},"loc":{"start":{"line":5,"column":24},"end":{"line":7,"column":3}}}},"branchMap":{},"s":{"0":6,"1":3,"2":6},"f":{"0":3},"b":{}}
,"/home/gabrielpr/Documentos/usefashionstore/backend/src/main/server.ts": {"path":"/home/gabrielpr/Documentos/usefashionstore/backend/src/main/server.ts","statementMap":{"0":{"start":{"line":1,"column":0},"end":{"line":1,"column":30}},"1":{"start":{"line":2,"column":0},"end":{"line":2,"column":68}},"2":{"start":{"line":3,"column":0},"end":{"line":3,"column":30}},"3":{"start":{"line":5,"column":0},"end":{"line":13,"column":null}},"4":{"start":{"line":7,"column":16},"end":{"line":7,"column":54}},"5":{"start":{"line":7,"column":17},"end":{"line":7,"column":45}},"6":{"start":{"line":8,"column":4},"end":{"line":10,"column":null}},"7":{"start":{"line":9,"column":6},"end":{"line":9,"column":null}},"8":{"start":{"line":12,"column":4},"end":{"line":12,"column":null}}},"fnMap":{"0":{"name":"(anonymous_7)","decl":{"start":{"line":6,"column":8},"end":{"line":6,"column":13}},"loc":{"start":{"line":6,"column":19},"end":{"line":11,"column":3}}},"1":{"name":"(anonymous_8)","decl":{"start":{"line":7,"column":17},"end":{"line":7,"column":30}},"loc":{"start":{"line":7,"column":17},"end":{"line":7,"column":45}}},"2":{"name":"(anonymous_9)","decl":{"start":{"line":8,"column":25},"end":{"line":8,"column":28}},"loc":{"start":{"line":8,"column":30},"end":{"line":10,"column":5}}},"3":{"name":"(anonymous_10)","decl":{"start":{"line":11,"column":11},"end":{"line":11,"column":14}},"loc":{"start":{"line":11,"column":17},"end":{"line":13,"column":3}}}},"branchMap":{},"s":{"0":0,"1":0,"2":0,"3":0,"4":0,"5":0,"6":0,"7":0,"8":0},"f":{"0":0,"1":0,"2":0,"3":0},"b":{}}
,"/home/gabrielpr/Documentos/usefashionstore/backend/src/main/adapters/express-middleware-adapter.ts": {"path":"/home/gabrielpr/Documentos/usefashionstore/backend/src/main/adapters/express-middleware-adapter.ts","statementMap":{"0":{"start":{"line":4,"column":31},"end":{"line":19,"column":1}},"1":{"start":{"line":5,"column":2},"end":{"line":18,"column":null}},"2":{"start":{"line":6,"column":37},"end":{"line":8,"column":null}},"3":{"start":{"line":10,"column":25},"end":{"line":10,"column":61}},"4":{"start":{"line":12,"column":4},"end":{"line":17,"column":null}},"5":{"start":{"line":13,"column":6},"end":{"line":13,"column":null}},"6":{"start":{"line":14,"column":6},"end":{"line":14,"column":null}},"7":{"start":{"line":16,"column":6},"end":{"line":16,"column":null}},"8":{"start":{"line":4,"column":13},"end":{"line":4,"column":31}}},"fnMap":{"0":{"name":"(anonymous_0)","decl":{"start":{"line":4,"column":31},"end":{"line":4,"column":32}},"loc":{"start":{"line":4,"column":74},"end":{"line":19,"column":1}}},"1":{"name":"(anonymous_1)","decl":{"start":{"line":5,"column":9},"end":{"line":5,"column":14}},"loc":{"start":{"line":5,"column":67},"end":{"line":18,"column":3}}}},"branchMap":{"0":{"loc":{"start":{"line":12,"column":4},"end":{"line":17,"column":null}},"type":"if","locations":[{"start":{"line":12,"column":4},"end":{"line":17,"column":null}},{"start":{"line":15,"column":11},"end":{"line":17,"column":null}}]}},"s":{"0":0,"1":0,"2":0,"3":0,"4":0,"5":0,"6":0,"7":0,"8":0},"f":{"0":0,"1":0},"b":{"0":[0,0]}}
,"/home/gabrielpr/Documentos/usefashionstore/backend/src/main/adapters/express-route-adapter.ts": {"path":"/home/gabrielpr/Documentos/usefashionstore/backend/src/main/adapters/express-route-adapter.ts","statementMap":{"0":{"start":{"line":4,"column":26},"end":{"line":22,"column":1}},"1":{"start":{"line":5,"column":2},"end":{"line":21,"column":null}},"2":{"start":{"line":6,"column":37},"end":{"line":10,"column":null}},"3":{"start":{"line":14,"column":25},"end":{"line":14,"column":61}},"4":{"start":{"line":16,"column":4},"end":{"line":20,"column":null}},"5":{"start":{"line":17,"column":6},"end":{"line":17,"column":null}},"6":{"start":{"line":19,"column":6},"end":{"line":19,"column":null}},"7":{"start":{"line":4,"column":13},"end":{"line":4,"column":26}}},"fnMap":{"0":{"name":"(anonymous_0)","decl":{"start":{"line":4,"column":26},"end":{"line":4,"column":27}},"loc":{"start":{"line":4,"column":69},"end":{"line":22,"column":1}}},"1":{"name":"(anonymous_1)","decl":{"start":{"line":5,"column":9},"end":{"line":5,"column":14}},"loc":{"start":{"line":5,"column":47},"end":{"line":21,"column":3}}}},"branchMap":{"0":{"loc":{"start":{"line":16,"column":4},"end":{"line":20,"column":null}},"type":"if","locations":[{"start":{"line":16,"column":4},"end":{"line":20,"column":null}},{"start":{"line":18,"column":11},"end":{"line":20,"column":null}}]},"1":{"loc":{"start":{"line":16,"column":8},"end":{"line":16,"column":72}},"type":"binary-expr","locations":[{"start":{"line":16,"column":8},"end":{"line":16,"column":38}},{"start":{"line":16,"column":42},"end":{"line":16,"column":72}}]}},"s":{"0":5,"1":10,"2":0,"3":0,"4":0,"5":0,"6":0,"7":5},"f":{"0":10,"1":0},"b":{"0":[0,0],"1":[0,0]}}
,"/home/gabrielpr/Documentos/usefashionstore/backend/src/main/config/app.ts": {"path":"/home/gabrielpr/Documentos/usefashionstore/backend/src/main/config/app.ts","statementMap":{"0":{"start":{"line":1,"column":0},"end":{"line":1,"column":29}},"1":{"start":{"line":2,"column":0},"end":{"line":2,"column":44}},"2":{"start":{"line":3,"column":0},"end":{"line":3,"column":34}},"3":{"start":{"line":5,"column":12},"end":{"line":5,"column":21}},"4":{"start":{"line":6,"column":0},"end":{"line":6,"column":null}},"5":{"start":{"line":7,"column":0},"end":{"line":7,"column":null}},"6":{"start":{"line":8,"column":0},"end":{"line":8,"column":null}}},"fnMap":{},"branchMap":{},"s":{"0":5,"1":5,"2":5,"3":5,"4":5,"5":5,"6":5},"f":{},"b":{}}
,"/home/gabrielpr/Documentos/usefashionstore/backend/src/main/config/customModule.d.ts": {"path":"/home/gabrielpr/Documentos/usefashionstore/backend/src/main/config/customModule.d.ts","statementMap":{},"fnMap":{},"branchMap":{},"s":{},"f":{},"b":{},"inputSourceMap":null}
,"/home/gabrielpr/Documentos/usefashionstore/backend/src/main/config/env.ts": {"path":"/home/gabrielpr/Documentos/usefashionstore/backend/src/main/config/env.ts","statementMap":{"0":{"start":{"line":1,"column":0},"end":{"line":5,"column":null}}},"fnMap":{},"branchMap":{"0":{"loc":{"start":{"line":2,"column":12},"end":{"line":2,"column":79}},"type":"binary-expr","locations":[{"start":{"line":2,"column":12},"end":{"line":2,"column":33}},{"start":{"line":2,"column":37},"end":{"line":2,"column":79}}]},"1":{"loc":{"start":{"line":3,"column":8},"end":{"line":3,"column":32}},"type":"binary-expr","locations":[{"start":{"line":3,"column":8},"end":{"line":3,"column":24}},{"start":{"line":3,"column":28},"end":{"line":3,"column":32}}]},"2":{"loc":{"start":{"line":4,"column":13},"end":{"line":4,"column":67}},"type":"binary-expr","locations":[{"start":{"line":4,"column":13},"end":{"line":4,"column":35}},{"start":{"line":4,"column":39},"end":{"line":4,"column":67}}]}},"s":{"0":5},"f":{},"b":{"0":[5,5],"1":[5,5],"2":[5,5]}}
,"/home/gabrielpr/Documentos/usefashionstore/backend/src/main/config/middlewares.ts": {"path":"/home/gabrielpr/Documentos/usefashionstore/backend/src/main/config/middlewares.ts","statementMap":{"0":{"start":{"line":2,"column":0},"end":{"line":2,"column":68}},"1":{"start":{"line":3,"column":0},"end":{"line":7,"column":null}},"2":{"start":{"line":4,"column":2},"end":{"line":4,"column":null}},"3":{"start":{"line":5,"column":2},"end":{"line":5,"column":null}},"4":{"start":{"line":6,"column":2},"end":{"line":6,"column":null}}},"fnMap":{"0":{"name":"(anonymous_0)","decl":{"start":{"line":3,"column":15},"end":{"line":3,"column":16}},"loc":{"start":{"line":3,"column":38},"end":{"line":7,"column":1}}}},"branchMap":{},"s":{"0":5,"1":5,"2":5,"3":5,"4":5},"f":{"0":5},"b":{}}
,"/home/gabrielpr/Documentos/usefashionstore/backend/src/main/config/routes.ts": {"path":"/home/gabrielpr/Documentos/usefashionstore/backend/src/main/config/routes.ts","statementMap":{"0":{"start":{"line":1,"column":0},"end":{"line":1,"column":41}},"1":{"start":{"line":2,"column":0},"end":{"line":2,"column":23}},"2":{"start":{"line":3,"column":0},"end":{"line":3,"column":32}},"3":{"start":{"line":5,"column":0},"end":{"line":13,"column":null}},"4":{"start":{"line":6,"column":17},"end":{"line":6,"column":25}},"5":{"start":{"line":7,"column":2},"end":{"line":7,"column":null}},"6":{"start":{"line":8,"column":2},"end":{"line":12,"column":null}},"7":{"start":{"line":9,"column":4},"end":{"line":11,"column":null}},"8":{"start":{"line":10,"column":6},"end":{"line":10,"column":null}},"9":{"start":{"line":10,"column":7},"end":{"line":10,"column":40}}},"fnMap":{"0":{"name":"(anonymous_7)","decl":{"start":{"line":5,"column":15},"end":{"line":5,"column":16}},"loc":{"start":{"line":5,"column":38},"end":{"line":13,"column":1}}},"1":{"name":"(anonymous_8)","decl":{"start":{"line":8,"column":54},"end":{"line":8,"column":59}},"loc":{"start":{"line":8,"column":67},"end":{"line":12,"column":3}}},"2":{"name":"(anonymous_9)","decl":{"start":{"line":10,"column":7},"end":{"line":10,"column":20}},"loc":{"start":{"line":10,"column":7},"end":{"line":10,"column":40}}}},"branchMap":{"0":{"loc":{"start":{"line":9,"column":4},"end":{"line":11,"column":null}},"type":"if","locations":[{"start":{"line":9,"column":4},"end":{"line":11,"column":null}}]},"1":{"loc":{"start":{"line":9,"column":8},"end":{"line":9,"column":57}},"type":"binary-expr","locations":[{"start":{"line":9,"column":8},"end":{"line":9,"column":31}},{"start":{"line":9,"column":35},"end":{"line":9,"column":57}}]}},"s":{"0":5,"1":5,"2":5,"3":5,"4":5,"5":5,"6":5,"7":10,"8":5,"9":5},"f":{"0":5,"1":10,"2":5},"b":{"0":[5],"1":[10,5]}}
,"/home/gabrielpr/Documentos/usefashionstore/backend/src/main/decorators/logControllerDecorator.ts": {"path":"/home/gabrielpr/Documentos/usefashionstore/backend/src/main/decorators/logControllerDecorator.ts","statementMap":{"0":{"start":{"line":9,"column":4},"end":{"line":9,"column":null}},"1":{"start":{"line":10,"column":4},"end":{"line":10,"column":null}},"2":{"start":{"line":14,"column":25},"end":{"line":14,"column":66}},"3":{"start":{"line":15,"column":4},"end":{"line":17,"column":null}},"4":{"start":{"line":16,"column":6},"end":{"line":16,"column":null}},"5":{"start":{"line":18,"column":4},"end":{"line":18,"column":null}},"6":{"start":{"line":4,"column":0},"end":{"line":4,"column":13}}},"fnMap":{"0":{"name":"(anonymous_0)","decl":{"start":{"line":8,"column":2},"end":{"line":8,"column":15}},"loc":{"start":{"line":8,"column":77},"end":{"line":11,"column":3}}},"1":{"name":"(anonymous_1)","decl":{"start":{"line":13,"column":2},"end":{"line":13,"column":7}},"loc":{"start":{"line":13,"column":40},"end":{"line":19,"column":3}}}},"branchMap":{"0":{"loc":{"start":{"line":15,"column":4},"end":{"line":17,"column":null}},"type":"if","locations":[{"start":{"line":15,"column":4},"end":{"line":17,"column":null}}]}},"s":{"0":13,"1":13,"2":3,"3":3,"4":1,"5":3,"6":6},"f":{"0":13,"1":3},"b":{"0":[1]}}
,"/home/gabrielpr/Documentos/usefashionstore/backend/src/main/factories/controllers/login/login/loginControllerFactory.ts": {"path":"/home/gabrielpr/Documentos/usefashionstore/backend/src/main/factories/controllers/login/login/loginControllerFactory.ts","statementMap":{"0":{"start":{"line":1,"column":0},"end":{"line":1,"column":94}},"1":{"start":{"line":3,"column":0},"end":{"line":3,"column":62}},"2":{"start":{"line":4,"column":0},"end":{"line":4,"column":103}},"3":{"start":{"line":6,"column":35},"end":{"line":8,"column":1}},"4":{"start":{"line":7,"column":2},"end":{"line":7,"column":null}},"5":{"start":{"line":6,"column":13},"end":{"line":6,"column":35}}},"fnMap":{"0":{"name":"(anonymous_0)","decl":{"start":{"line":6,"column":35},"end":{"line":6,"column":50}},"loc":{"start":{"line":6,"column":52},"end":{"line":8,"column":1}}}},"branchMap":{},"s":{"0":5,"1":5,"2":5,"3":5,"4":5,"5":5},"f":{"0":5},"b":{}}
,"/home/gabrielpr/Documentos/usefashionstore/backend/src/main/factories/controllers/login/login/loginValidationFactory.ts": {"path":"/home/gabrielpr/Documentos/usefashionstore/backend/src/main/factories/controllers/login/login/loginValidationFactory.ts","statementMap":{"0":{"start":{"line":2,"column":0},"end":{"line":2,"column":116}},"1":{"start":{"line":3,"column":0},"end":{"line":3,"column":93}},"2":{"start":{"line":5,"column":35},"end":{"line":12,"column":1}},"3":{"start":{"line":6,"column":36},"end":{"line":6,"column":38}},"4":{"start":{"line":7,"column":2},"end":{"line":9,"column":null}},"5":{"start":{"line":8,"column":4},"end":{"line":8,"column":null}},"6":{"start":{"line":10,"column":2},"end":{"line":10,"column":null}},"7":{"start":{"line":11,"column":2},"end":{"line":11,"column":null}},"8":{"start":{"line":5,"column":13},"end":{"line":5,"column":35}}},"fnMap":{"0":{"name":"(anonymous_0)","decl":{"start":{"line":5,"column":35},"end":{"line":5,"column":59}},"loc":{"start":{"line":5,"column":61},"end":{"line":12,"column":1}}}},"branchMap":{},"s":{"0":5,"1":5,"2":5,"3":5,"4":5,"5":10,"6":5,"7":5,"8":5},"f":{"0":5},"b":{}}
,"/home/gabrielpr/Documentos/usefashionstore/backend/src/main/factories/controllers/login/signUp/signUpControllerFactory.ts": {"path":"/home/gabrielpr/Documentos/usefashionstore/backend/src/main/factories/controllers/login/signUp/signUpControllerFactory.ts","statementMap":{"0":{"start":{"line":1,"column":0},"end":{"line":1,"column":97}},"1":{"start":{"line":3,"column":0},"end":{"line":3,"column":89}},"2":{"start":{"line":4,"column":0},"end":{"line":4,"column":103}},"3":{"start":{"line":5,"column":0},"end":{"line":5,"column":64}},"4":{"start":{"line":7,"column":36},"end":{"line":9,"column":1}},"5":{"start":{"line":8,"column":2},"end":{"line":8,"column":null}},"6":{"start":{"line":7,"column":13},"end":{"line":7,"column":36}}},"fnMap":{"0":{"name":"(anonymous_0)","decl":{"start":{"line":7,"column":36},"end":{"line":7,"column":51}},"loc":{"start":{"line":7,"column":53},"end":{"line":9,"column":1}}}},"branchMap":{},"s":{"0":5,"1":5,"2":5,"3":5,"4":5,"5":5,"6":5},"f":{"0":5},"b":{}}
,"/home/gabrielpr/Documentos/usefashionstore/backend/src/main/factories/controllers/login/signUp/signUpValidationFactory.ts": {"path":"/home/gabrielpr/Documentos/usefashionstore/backend/src/main/factories/controllers/login/signUp/signUpValidationFactory.ts","statementMap":{"0":{"start":{"line":1,"column":0},"end":{"line":1,"column":null}},"1":{"start":{"line":9,"column":0},"end":{"line":9,"column":93}},"2":{"start":{"line":11,"column":36},"end":{"line":19,"column":1}},"3":{"start":{"line":12,"column":36},"end":{"line":12,"column":38}},"4":{"start":{"line":13,"column":2},"end":{"line":15,"column":null}},"5":{"start":{"line":14,"column":4},"end":{"line":14,"column":null}},"6":{"start":{"line":16,"column":2},"end":{"line":16,"column":null}},"7":{"start":{"line":17,"column":2},"end":{"line":17,"column":null}},"8":{"start":{"line":18,"column":2},"end":{"line":18,"column":null}},"9":{"start":{"line":11,"column":13},"end":{"line":11,"column":36}}},"fnMap":{"0":{"name":"(anonymous_0)","decl":{"start":{"line":11,"column":36},"end":{"line":11,"column":60}},"loc":{"start":{"line":11,"column":62},"end":{"line":19,"column":1}}}},"branchMap":{},"s":{"0":5,"1":5,"2":5,"3":5,"4":5,"5":20,"6":5,"7":5,"8":5,"9":5},"f":{"0":5},"b":{}}
,"/home/gabrielpr/Documentos/usefashionstore/backend/src/main/factories/decorators/logControllerDecoratorFactory.ts": {"path":"/home/gabrielpr/Documentos/usefashionstore/backend/src/main/factories/decorators/logControllerDecoratorFactory.ts","statementMap":{"0":{"start":{"line":1,"column":0},"end":{"line":1,"column":85}},"1":{"start":{"line":3,"column":0},"end":{"line":3,"column":88}},"2":{"start":{"line":5,"column":42},"end":{"line":8,"column":1}},"3":{"start":{"line":6,"column":29},"end":{"line":6,"column":53}},"4":{"start":{"line":7,"column":2},"end":{"line":7,"column":null}},"5":{"start":{"line":5,"column":13},"end":{"line":5,"column":42}}},"fnMap":{"0":{"name":"(anonymous_0)","decl":{"start":{"line":5,"column":42},"end":{"line":5,"column":43}},"loc":{"start":{"line":5,"column":81},"end":{"line":8,"column":1}}}},"branchMap":{},"s":{"0":5,"1":5,"2":5,"3":10,"4":10,"5":5},"f":{"0":10},"b":{}}
,"/home/gabrielpr/Documentos/usefashionstore/backend/src/main/factories/middlewares/authMiddlewareFactory.ts": {"path":"/home/gabrielpr/Documentos/usefashionstore/backend/src/main/factories/middlewares/authMiddlewareFactory.ts","statementMap":{"0":{"start":{"line":1,"column":0},"end":{"line":1,"column":81}},"1":{"start":{"line":3,"column":0},"end":{"line":3,"column":130}},"2":{"start":{"line":5,"column":34},"end":{"line":7,"column":1}},"3":{"start":{"line":6,"column":2},"end":{"line":6,"column":null}},"4":{"start":{"line":5,"column":13},"end":{"line":5,"column":34}}},"fnMap":{"0":{"name":"(anonymous_0)","decl":{"start":{"line":5,"column":34},"end":{"line":5,"column":35}},"loc":{"start":{"line":5,"column":64},"end":{"line":7,"column":1}}}},"branchMap":{},"s":{"0":0,"1":0,"2":0,"3":0,"4":0},"f":{"0":0},"b":{}}
,"/home/gabrielpr/Documentos/usefashionstore/backend/src/main/factories/useCases/account/addAccount/dbAddAccountFactory.ts": {"path":"/home/gabrielpr/Documentos/usefashionstore/backend/src/main/factories/useCases/account/addAccount/dbAddAccountFactory.ts","statementMap":{"0":{"start":{"line":1,"column":0},"end":{"line":1,"column":91}},"1":{"start":{"line":3,"column":0},"end":{"line":3,"column":93}},"2":{"start":{"line":4,"column":0},"end":{"line":4,"column":103}},"3":{"start":{"line":6,"column":30},"end":{"line":11,"column":1}},"4":{"start":{"line":7,"column":15},"end":{"line":7,"column":17}},"5":{"start":{"line":8,"column":24},"end":{"line":8,"column":47}},"6":{"start":{"line":9,"column":27},"end":{"line":9,"column":55}},"7":{"start":{"line":10,"column":2},"end":{"line":10,"column":null}},"8":{"start":{"line":6,"column":13},"end":{"line":6,"column":30}}},"fnMap":{"0":{"name":"(anonymous_0)","decl":{"start":{"line":6,"column":30},"end":{"line":6,"column":45}},"loc":{"start":{"line":6,"column":47},"end":{"line":11,"column":1}}}},"branchMap":{},"s":{"0":5,"1":5,"2":5,"3":5,"4":5,"5":5,"6":5,"7":5,"8":5},"f":{"0":5},"b":{}}
,"/home/gabrielpr/Documentos/usefashionstore/backend/src/main/factories/useCases/account/authentication/dbAuthenticationFactory.ts": {"path":"/home/gabrielpr/Documentos/usefashionstore/backend/src/main/factories/useCases/account/authentication/dbAuthenticationFactory.ts","statementMap":{"0":{"start":{"line":1,"column":0},"end":{"line":1,"column":102}},"1":{"start":{"line":3,"column":0},"end":{"line":3,"column":93}},"2":{"start":{"line":4,"column":0},"end":{"line":4,"column":84}},"3":{"start":{"line":5,"column":0},"end":{"line":5,"column":103}},"4":{"start":{"line":6,"column":0},"end":{"line":6,"column":40}},"5":{"start":{"line":8,"column":36},"end":{"line":14,"column":1}},"6":{"start":{"line":9,"column":15},"end":{"line":9,"column":17}},"7":{"start":{"line":10,"column":24},"end":{"line":10,"column":47}},"8":{"start":{"line":11,"column":21},"end":{"line":11,"column":50}},"9":{"start":{"line":12,"column":33},"end":{"line":12,"column":61}},"10":{"start":{"line":13,"column":2},"end":{"line":13,"column":null}},"11":{"start":{"line":8,"column":13},"end":{"line":8,"column":36}}},"fnMap":{"0":{"name":"(anonymous_1)","decl":{"start":{"line":8,"column":36},"end":{"line":8,"column":55}},"loc":{"start":{"line":8,"column":57},"end":{"line":14,"column":1}}}},"branchMap":{},"s":{"0":5,"1":5,"2":5,"3":5,"4":5,"5":5,"6":10,"7":10,"8":10,"9":10,"10":10,"11":5},"f":{"0":10},"b":{}}
,"/home/gabrielpr/Documentos/usefashionstore/backend/src/main/factories/useCases/account/loadAccountByToken/dbLoadAccountByTokenFactory.ts": {"path":"/home/gabrielpr/Documentos/usefashionstore/backend/src/main/factories/useCases/account/loadAccountByToken/dbLoadAccountByTokenFactory.ts","statementMap":{"0":{"start":{"line":1,"column":0},"end":{"line":1,"column":115}},"1":{"start":{"line":3,"column":0},"end":{"line":3,"column":84}},"2":{"start":{"line":4,"column":0},"end":{"line":4,"column":103}},"3":{"start":{"line":5,"column":0},"end":{"line":5,"column":40}},"4":{"start":{"line":7,"column":40},"end":{"line":11,"column":1}},"5":{"start":{"line":8,"column":21},"end":{"line":8,"column":50}},"6":{"start":{"line":9,"column":33},"end":{"line":9,"column":61}},"7":{"start":{"line":10,"column":2},"end":{"line":10,"column":null}},"8":{"start":{"line":7,"column":13},"end":{"line":7,"column":40}}},"fnMap":{"0":{"name":"(anonymous_1)","decl":{"start":{"line":7,"column":40},"end":{"line":7,"column":63}},"loc":{"start":{"line":7,"column":65},"end":{"line":11,"column":1}}}},"branchMap":{},"s":{"0":0,"1":0,"2":0,"3":0,"4":0,"5":0,"6":0,"7":0,"8":0},"f":{"0":0},"b":{}}
,"/home/gabrielpr/Documentos/usefashionstore/backend/src/main/middlewares/bodyParser.ts": {"path":"/home/gabrielpr/Documentos/usefashionstore/backend/src/main/middlewares/bodyParser.ts","statementMap":{"0":{"start":{"line":1,"column":0},"end":{"line":1,"column":30}},"1":{"start":{"line":3,"column":13},"end":{"line":3,"column":null}}},"fnMap":{},"branchMap":{},"s":{"0":5,"1":5},"f":{},"b":{}}
,"/home/gabrielpr/Documentos/usefashionstore/backend/src/main/middlewares/contentType.ts": {"path":"/home/gabrielpr/Documentos/usefashionstore/backend/src/main/middlewares/contentType.ts","statementMap":{"0":{"start":{"line":3,"column":27},"end":{"line":7,"column":1}},"1":{"start":{"line":4,"column":2},"end":{"line":4,"column":null}},"2":{"start":{"line":6,"column":2},"end":{"line":6,"column":null}},"3":{"start":{"line":3,"column":13},"end":{"line":3,"column":27}}},"fnMap":{"0":{"name":"(anonymous_0)","decl":{"start":{"line":3,"column":27},"end":{"line":3,"column":28}},"loc":{"start":{"line":3,"column":85},"end":{"line":7,"column":1}}}},"branchMap":{},"s":{"0":5,"1":5,"2":5,"3":5},"f":{"0":5},"b":{}}
,"/home/gabrielpr/Documentos/usefashionstore/backend/src/main/middlewares/cors.ts": {"path":"/home/gabrielpr/Documentos/usefashionstore/backend/src/main/middlewares/cors.ts","statementMap":{"0":{"start":{"line":3,"column":20},"end":{"line":9,"column":1}},"1":{"start":{"line":4,"column":2},"end":{"line":4,"column":null}},"2":{"start":{"line":5,"column":2},"end":{"line":5,"column":null}},"3":{"start":{"line":6,"column":2},"end":{"line":6,"column":null}},"4":{"start":{"line":8,"column":2},"end":{"line":8,"column":null}},"5":{"start":{"line":3,"column":13},"end":{"line":3,"column":20}}},"fnMap":{"0":{"name":"(anonymous_0)","decl":{"start":{"line":3,"column":20},"end":{"line":3,"column":21}},"loc":{"start":{"line":3,"column":78},"end":{"line":9,"column":1}}}},"branchMap":{},"s":{"0":5,"1":5,"2":5,"3":5,"4":5,"5":5},"f":{"0":5},"b":{}}
,"/home/gabrielpr/Documentos/usefashionstore/backend/src/main/middlewares/index.ts": {"path":"/home/gabrielpr/Documentos/usefashionstore/backend/src/main/middlewares/index.ts","statementMap":{"0":{"start":{"line":1,"column":0},"end":{"line":1,"column":28}},"1":{"start":{"line":2,"column":0},"end":{"line":2,"column":29}},"2":{"start":{"line":3,"column":0},"end":{"line":3,"column":22}},"3":{"start":{"line":4,"column":0},"end":{"line":4,"column":25}}},"fnMap":{},"branchMap":{},"s":{"0":5,"1":5,"2":5,"3":5},"f":{},"b":{}}
,"/home/gabrielpr/Documentos/usefashionstore/backend/src/main/middlewares/noCache.ts": {"path":"/home/gabrielpr/Documentos/usefashionstore/backend/src/main/middlewares/noCache.ts","statementMap":{"0":{"start":{"line":3,"column":23},"end":{"line":9,"column":1}},"1":{"start":{"line":4,"column":2},"end":{"line":4,"column":null}},"2":{"start":{"line":5,"column":2},"end":{"line":5,"column":null}},"3":{"start":{"line":6,"column":2},"end":{"line":6,"column":null}},"4":{"start":{"line":7,"column":2},"end":{"line":7,"column":null}},"5":{"start":{"line":8,"column":2},"end":{"line":8,"column":null}},"6":{"start":{"line":3,"column":13},"end":{"line":3,"column":23}}},"fnMap":{"0":{"name":"(anonymous_0)","decl":{"start":{"line":3,"column":23},"end":{"line":3,"column":24}},"loc":{"start":{"line":3,"column":81},"end":{"line":9,"column":1}}}},"branchMap":{},"s":{"0":5,"1":1,"2":1,"3":1,"4":1,"5":1,"6":5},"f":{"0":1},"b":{}}
,"/home/gabrielpr/Documentos/usefashionstore/backend/src/main/routes/loginRoutes.ts": {"path":"/home/gabrielpr/Documentos/usefashionstore/backend/src/main/routes/loginRoutes.ts","statementMap":{"0":{"start":{"line":2,"column":0},"end":{"line":2,"column":62}},"1":{"start":{"line":3,"column":0},"end":{"line":3,"column":100}},"2":{"start":{"line":4,"column":0},"end":{"line":4,"column":97}},"3":{"start":{"line":5,"column":0},"end":{"line":5,"column":98}},"4":{"start":{"line":7,"column":0},"end":{"line":10,"column":null}},"5":{"start":{"line":8,"column":2},"end":{"line":8,"column":null}},"6":{"start":{"line":9,"column":2},"end":{"line":9,"column":null}}},"fnMap":{"0":{"name":"(anonymous_0)","decl":{"start":{"line":7,"column":15},"end":{"line":7,"column":16}},"loc":{"start":{"line":7,"column":40},"end":{"line":10,"column":1}}}},"branchMap":{},"s":{"0":5,"1":5,"2":5,"3":5,"4":5,"5":5,"6":5},"f":{"0":5},"b":{}}
,"/home/gabrielpr/Documentos/usefashionstore/backend/src/presentation/controller/login/loginController.ts": {"path":"/home/gabrielpr/Documentos/usefashionstore/backend/src/presentation/controller/login/loginController.ts","statementMap":{"0":{"start":{"line":1,"column":0},"end":{"line":1,"column":105}},"1":{"start":{"line":9,"column":4},"end":{"line":9,"column":null}},"2":{"start":{"line":10,"column":4},"end":{"line":10,"column":null}},"3":{"start":{"line":14,"column":4},"end":{"line":33,"column":null}},"4":{"start":{"line":15,"column":20},"end":{"line":15,"column":62}},"5":{"start":{"line":16,"column":6},"end":{"line":18,"column":null}},"6":{"start":{"line":17,"column":8},"end":{"line":17,"column":null}},"7":{"start":{"line":20,"column":34},"end":{"line":20,"column":50}},"8":{"start":{"line":22,"column":26},"end":{"line":24,"column":8}},"9":{"start":{"line":26,"column":6},"end":{"line":28,"column":null}},"10":{"start":{"line":27,"column":8},"end":{"line":27,"column":null}},"11":{"start":{"line":30,"column":6},"end":{"line":30,"column":null}},"12":{"start":{"line":32,"column":6},"end":{"line":32,"column":null}},"13":{"start":{"line":4,"column":0},"end":{"line":4,"column":13}}},"fnMap":{"0":{"name":"(anonymous_0)","decl":{"start":{"line":8,"column":2},"end":{"line":8,"column":15}},"loc":{"start":{"line":8,"column":69},"end":{"line":11,"column":3}}},"1":{"name":"(anonymous_1)","decl":{"start":{"line":13,"column":2},"end":{"line":13,"column":7}},"loc":{"start":{"line":13,"column":40},"end":{"line":34,"column":3}}}},"branchMap":{"0":{"loc":{"start":{"line":16,"column":6},"end":{"line":18,"column":null}},"type":"if","locations":[{"start":{"line":16,"column":6},"end":{"line":18,"column":null}}]},"1":{"loc":{"start":{"line":26,"column":6},"end":{"line":28,"column":null}},"type":"if","locations":[{"start":{"line":26,"column":6},"end":{"line":28,"column":null}}]}},"s":{"0":6,"1":11,"2":11,"3":6,"4":6,"5":6,"6":1,"7":5,"8":5,"9":4,"10":1,"11":3,"12":1,"13":6},"f":{"0":11,"1":6},"b":{"0":[1],"1":[1]}}
,"/home/gabrielpr/Documentos/usefashionstore/backend/src/presentation/controller/login/loginControllerProtocols.ts": {"path":"/home/gabrielpr/Documentos/usefashionstore/backend/src/presentation/controller/login/loginControllerProtocols.ts","statementMap":{"0":{"start":{"line":1,"column":0},"end":{"line":1,"column":31}},"1":{"start":{"line":2,"column":0},"end":{"line":2,"column":63}}},"fnMap":{},"branchMap":{},"s":{"0":0,"1":0},"f":{},"b":{}}
,"/home/gabrielpr/Documentos/usefashionstore/backend/src/presentation/controller/signUp/signUpController.ts": {"path":"/home/gabrielpr/Documentos/usefashionstore/backend/src/presentation/controller/signUp/signUpController.ts","statementMap":{"0":{"start":{"line":3,"column":0},"end":{"line":3,"column":62}},"1":{"start":{"line":4,"column":0},"end":{"line":4,"column":54}},"2":{"start":{"line":5,"column":0},"end":{"line":5,"column":86}},"3":{"start":{"line":16,"column":4},"end":{"line":16,"column":null}},"4":{"start":{"line":17,"column":4},"end":{"line":17,"column":null}},"5":{"start":{"line":18,"column":4},"end":{"line":18,"column":null}},"6":{"start":{"line":22,"column":4},"end":{"line":39,"column":null}},"7":{"start":{"line":23,"column":20},"end":{"line":23,"column":62}},"8":{"start":{"line":24,"column":6},"end":{"line":26,"column":null}},"9":{"start":{"line":25,"column":8},"end":{"line":25,"column":null}},"10":{"start":{"line":28,"column":40},"end":{"line":28,"column":56}},"11":{"start":{"line":29,"column":22},"end":{"line":29,"column":74}},"12":{"start":{"line":30,"column":6},"end":{"line":32,"column":null}},"13":{"start":{"line":31,"column":8},"end":{"line":31,"column":null}},"14":{"start":{"line":34,"column":26},"end":{"line":34,"column":77}},"15":{"start":{"line":36,"column":6},"end":{"line":36,"column":null}},"16":{"start":{"line":38,"column":6},"end":{"line":38,"column":null}},"17":{"start":{"line":10,"column":0},"end":{"line":10,"column":13}}},"fnMap":{"0":{"name":"(anonymous_0)","decl":{"start":{"line":15,"column":2},"end":{"line":15,"column":15}},"loc":{"start":{"line":15,"column":93},"end":{"line":19,"column":3}}},"1":{"name":"(anonymous_1)","decl":{"start":{"line":21,"column":2},"end":{"line":21,"column":7}},"loc":{"start":{"line":21,"column":40},"end":{"line":40,"column":3}}}},"branchMap":{"0":{"loc":{"start":{"line":24,"column":6},"end":{"line":26,"column":null}},"type":"if","locations":[{"start":{"line":24,"column":6},"end":{"line":26,"column":null}}]},"1":{"loc":{"start":{"line":30,"column":6},"end":{"line":32,"column":null}},"type":"if","locations":[{"start":{"line":30,"column":6},"end":{"line":32,"column":null}}]}},"s":{"0":6,"1":6,"2":6,"3":13,"4":13,"5":13,"6":8,"7":8,"8":8,"9":1,"10":7,"11":7,"12":6,"13":1,"14":5,"15":4,"16":2,"17":6},"f":{"0":13,"1":8},"b":{"0":[1],"1":[1]}}
,"/home/gabrielpr/Documentos/usefashionstore/backend/src/presentation/errors/accessDeniedError.ts": {"path":"/home/gabrielpr/Documentos/usefashionstore/backend/src/presentation/errors/accessDeniedError.ts","statementMap":{"0":{"start":{"line":3,"column":4},"end":{"line":3,"column":null}},"1":{"start":{"line":4,"column":4},"end":{"line":4,"column":null}},"2":{"start":{"line":1,"column":0},"end":{"line":1,"column":13}}},"fnMap":{"0":{"name":"(anonymous_0)","decl":{"start":{"line":2,"column":2},"end":{"line":2,"column":null}},"loc":{"start":{"line":2,"column":2},"end":{"line":5,"column":3}}}},"branchMap":{},"s":{"0":0,"1":0,"2":10},"f":{"0":0},"b":{}}
,"/home/gabrielpr/Documentos/usefashionstore/backend/src/presentation/errors/emailInUseError.ts": {"path":"/home/gabrielpr/Documentos/usefashionstore/backend/src/presentation/errors/emailInUseError.ts","statementMap":{"0":{"start":{"line":3,"column":4},"end":{"line":3,"column":null}},"1":{"start":{"line":4,"column":4},"end":{"line":4,"column":null}},"2":{"start":{"line":1,"column":0},"end":{"line":1,"column":13}}},"fnMap":{"0":{"name":"(anonymous_0)","decl":{"start":{"line":2,"column":2},"end":{"line":2,"column":null}},"loc":{"start":{"line":2,"column":2},"end":{"line":5,"column":3}}}},"branchMap":{},"s":{"0":2,"1":2,"2":11},"f":{"0":2},"b":{}}
,"/home/gabrielpr/Documentos/usefashionstore/backend/src/presentation/errors/index.ts": {"path":"/home/gabrielpr/Documentos/usefashionstore/backend/src/presentation/errors/index.ts","statementMap":{"0":{"start":{"line":1,"column":0},"end":{"line":1,"column":33}},"1":{"start":{"line":2,"column":0},"end":{"line":2,"column":35}},"2":{"start":{"line":3,"column":0},"end":{"line":3,"column":29}},"3":{"start":{"line":4,"column":0},"end":{"line":4,"column":35}},"4":{"start":{"line":5,"column":0},"end":{"line":5,"column":35}},"5":{"start":{"line":6,"column":0},"end":{"line":6,"column":35}}},"fnMap":{},"branchMap":{},"s":{"0":10,"1":10,"2":10,"3":10,"4":10,"5":10},"f":{},"b":{}}
,"/home/gabrielpr/Documentos/usefashionstore/backend/src/presentation/errors/invalidParamError.ts": {"path":"/home/gabrielpr/Documentos/usefashionstore/backend/src/presentation/errors/invalidParamError.ts","statementMap":{"0":{"start":{"line":3,"column":4},"end":{"line":3,"column":null}},"1":{"start":{"line":4,"column":4},"end":{"line":4,"column":null}},"2":{"start":{"line":1,"column":0},"end":{"line":1,"column":13}}},"fnMap":{"0":{"name":"(anonymous_0)","decl":{"start":{"line":2,"column":2},"end":{"line":2,"column":15}},"loc":{"start":{"line":2,"column":32},"end":{"line":5,"column":3}}}},"branchMap":{},"s":{"0":4,"1":4,"2":10},"f":{"0":4},"b":{}}
,"/home/gabrielpr/Documentos/usefashionstore/backend/src/presentation/errors/missingParamError.ts": {"path":"/home/gabrielpr/Documentos/usefashionstore/backend/src/presentation/errors/missingParamError.ts","statementMap":{"0":{"start":{"line":3,"column":4},"end":{"line":3,"column":null}},"1":{"start":{"line":4,"column":4},"end":{"line":4,"column":null}},"2":{"start":{"line":1,"column":0},"end":{"line":1,"column":13}}},"fnMap":{"0":{"name":"(anonymous_0)","decl":{"start":{"line":2,"column":2},"end":{"line":2,"column":15}},"loc":{"start":{"line":2,"column":31},"end":{"line":5,"column":3}}}},"branchMap":{},"s":{"0":9,"1":9,"2":11},"f":{"0":9},"b":{}}
,"/home/gabrielpr/Documentos/usefashionstore/backend/src/presentation/errors/serverError.ts": {"path":"/home/gabrielpr/Documentos/usefashionstore/backend/src/presentation/errors/serverError.ts","statementMap":{"0":{"start":{"line":3,"column":4},"end":{"line":3,"column":null}},"1":{"start":{"line":4,"column":4},"end":{"line":4,"column":null}},"2":{"start":{"line":5,"column":4},"end":{"line":5,"column":null}},"3":{"start":{"line":1,"column":0},"end":{"line":1,"column":13}}},"fnMap":{"0":{"name":"(anonymous_0)","decl":{"start":{"line":2,"column":2},"end":{"line":2,"column":15}},"loc":{"start":{"line":2,"column":30},"end":{"line":6,"column":3}}}},"branchMap":{},"s":{"0":10,"1":10,"2":10,"3":12},"f":{"0":10},"b":{}}
,"/home/gabrielpr/Documentos/usefashionstore/backend/src/presentation/errors/unauthorizedError.ts": {"path":"/home/gabrielpr/Documentos/usefashionstore/backend/src/presentation/errors/unauthorizedError.ts","statementMap":{"0":{"start":{"line":3,"column":4},"end":{"line":3,"column":null}},"1":{"start":{"line":4,"column":4},"end":{"line":4,"column":null}},"2":{"start":{"line":1,"column":0},"end":{"line":1,"column":13}}},"fnMap":{"0":{"name":"(anonymous_0)","decl":{"start":{"line":2,"column":2},"end":{"line":2,"column":null}},"loc":{"start":{"line":2,"column":2},"end":{"line":5,"column":3}}}},"branchMap":{},"s":{"0":2,"1":2,"2":12},"f":{"0":2},"b":{}}
,"/home/gabrielpr/Documentos/usefashionstore/backend/src/presentation/helpers/http/httpHelper.ts": {"path":"/home/gabrielpr/Documentos/usefashionstore/backend/src/presentation/helpers/http/httpHelper.ts","statementMap":{"0":{"start":{"line":1,"column":0},"end":{"line":1,"column":54}},"1":{"start":{"line":2,"column":0},"end":{"line":2,"column":66}},"2":{"start":{"line":5,"column":26},"end":{"line":8,"column":2}},"3":{"start":{"line":5,"column":59},"end":{"line":8,"column":2}},"4":{"start":{"line":5,"column":13},"end":{"line":5,"column":26}},"5":{"start":{"line":10,"column":25},"end":{"line":13,"column":2}},"6":{"start":{"line":10,"column":58},"end":{"line":13,"column":2}},"7":{"start":{"line":10,"column":13},"end":{"line":10,"column":25}},"8":{"start":{"line":15,"column":28},"end":{"line":18,"column":2}},"9":{"start":{"line":15,"column":49},"end":{"line":18,"column":2}},"10":{"start":{"line":15,"column":13},"end":{"line":15,"column":28}},"11":{"start":{"line":20,"column":27},"end":{"line":23,"column":2}},"12":{"start":{"line":20,"column":60},"end":{"line":23,"column":2}},"13":{"start":{"line":20,"column":13},"end":{"line":20,"column":27}},"14":{"start":{"line":25,"column":18},"end":{"line":28,"column":2}},"15":{"start":{"line":25,"column":48},"end":{"line":28,"column":2}},"16":{"start":{"line":25,"column":13},"end":{"line":25,"column":18}},"17":{"start":{"line":30,"column":25},"end":{"line":33,"column":2}},"18":{"start":{"line":30,"column":46},"end":{"line":33,"column":2}},"19":{"start":{"line":30,"column":13},"end":{"line":30,"column":25}}},"fnMap":{"0":{"name":"(anonymous_0)","decl":{"start":{"line":5,"column":26},"end":{"line":5,"column":27}},"loc":{"start":{"line":5,"column":59},"end":{"line":8,"column":2}}},"1":{"name":"(anonymous_1)","decl":{"start":{"line":10,"column":25},"end":{"line":10,"column":26}},"loc":{"start":{"line":10,"column":58},"end":{"line":13,"column":2}}},"2":{"name":"(anonymous_2)","decl":{"start":{"line":15,"column":28},"end":{"line":15,"column":45}},"loc":{"start":{"line":15,"column":49},"end":{"line":18,"column":2}}},"3":{"name":"(anonymous_3)","decl":{"start":{"line":20,"column":27},"end":{"line":20,"column":28}},"loc":{"start":{"line":20,"column":60},"end":{"line":23,"column":2}}},"4":{"name":"(anonymous_4)","decl":{"start":{"line":25,"column":18},"end":{"line":25,"column":19}},"loc":{"start":{"line":25,"column":48},"end":{"line":28,"column":2}}},"5":{"name":"(anonymous_5)","decl":{"start":{"line":30,"column":25},"end":{"line":30,"column":42}},"loc":{"start":{"line":30,"column":46},"end":{"line":33,"column":2}}}},"branchMap":{},"s":{"0":8,"1":8,"2":8,"3":4,"4":8,"5":8,"6":2,"7":8,"8":8,"9":2,"10":8,"11":8,"12":7,"13":8,"14":8,"15":12,"16":8,"17":8,"18":0,"19":8},"f":{"0":4,"1":2,"2":2,"3":7,"4":12,"5":0},"b":{}}
,"/home/gabrielpr/Documentos/usefashionstore/backend/src/presentation/middlewares/authMiddleware.ts": {"path":"/home/gabrielpr/Documentos/usefashionstore/backend/src/presentation/middlewares/authMiddleware.ts","statementMap":{"0":{"start":{"line":2,"column":0},"end":{"line":2,"column":45}},"1":{"start":{"line":3,"column":0},"end":{"line":3,"column":71}},"2":{"start":{"line":9,"column":4},"end":{"line":9,"column":null}},"3":{"start":{"line":10,"column":4},"end":{"line":10,"column":null}},"4":{"start":{"line":14,"column":4},"end":{"line":25,"column":null}},"5":{"start":{"line":15,"column":26},"end":{"line":15,"column":65}},"6":{"start":{"line":16,"column":6},"end":{"line":21,"column":null}},"7":{"start":{"line":17,"column":24},"end":{"line":17,"column":82}},"8":{"start":{"line":18,"column":8},"end":{"line":20,"column":null}},"9":{"start":{"line":19,"column":10},"end":{"line":19,"column":null}},"10":{"start":{"line":22,"column":6},"end":{"line":22,"column":null}},"11":{"start":{"line":24,"column":6},"end":{"line":24,"column":null}},"12":{"start":{"line":5,"column":0},"end":{"line":5,"column":13}}},"fnMap":{"0":{"name":"(anonymous_0)","decl":{"start":{"line":8,"column":2},"end":{"line":8,"column":15}},"loc":{"start":{"line":8,"column":39},"end":{"line":11,"column":3}}},"1":{"name":"(anonymous_1)","decl":{"start":{"line":13,"column":2},"end":{"line":13,"column":7}},"loc":{"start":{"line":13,"column":40},"end":{"line":26,"column":3}}}},"branchMap":{"0":{"loc":{"start":{"line":15,"column":26},"end":{"line":15,"column":65}},"type":"cond-expr","locations":[{"start":{"line":15,"column":45},"end":{"line":15,"column":48}},{"start":{"line":15,"column":45},"end":{"line":15,"column":65}}]},"1":{"loc":{"start":{"line":15,"column":26},"end":{"line":15,"column":48}},"type":"binary-expr","locations":[{"start":{"line":15,"column":26},"end":{"line":15,"column":48}},{"start":{"line":15,"column":45},"end":{"line":15,"column":48}}]},"2":{"loc":{"start":{"line":16,"column":6},"end":{"line":21,"column":null}},"type":"if","locations":[{"start":{"line":16,"column":6},"end":{"line":21,"column":null}}]},"3":{"loc":{"start":{"line":18,"column":8},"end":{"line":20,"column":null}},"type":"if","locations":[{"start":{"line":18,"column":8},"end":{"line":20,"column":null}}]}},"s":{"0":0,"1":0,"2":0,"3":0,"4":0,"5":0,"6":0,"7":0,"8":0,"9":0,"10":0,"11":0,"12":0},"f":{"0":0,"1":0},"b":{"0":[0,0],"1":[0,0],"2":[0],"3":[0]}}
,"/home/gabrielpr/Documentos/usefashionstore/backend/src/presentation/middlewares/authMiddlewareProtocols.ts": {"path":"/home/gabrielpr/Documentos/usefashionstore/backend/src/presentation/middlewares/authMiddlewareProtocols.ts","statementMap":{"0":{"start":{"line":1,"column":0},"end":{"line":1,"column":28}},"1":{"start":{"line":2,"column":0},"end":{"line":2,"column":64}},"2":{"start":{"line":3,"column":0},"end":{"line":3,"column":43}}},"fnMap":{},"branchMap":{},"s":{"0":0,"1":0,"2":0},"f":{},"b":{}}
,"/home/gabrielpr/Documentos/usefashionstore/backend/src/presentation/protocols/index.ts": {"path":"/home/gabrielpr/Documentos/usefashionstore/backend/src/presentation/protocols/index.ts","statementMap":{"0":{"start":{"line":1,"column":0},"end":{"line":1,"column":28}},"1":{"start":{"line":2,"column":0},"end":{"line":2,"column":22}},"2":{"start":{"line":3,"column":0},"end":{"line":3,"column":28}},"3":{"start":{"line":4,"column":0},"end":{"line":4,"column":28}}},"fnMap":{},"branchMap":{},"s":{"0":0,"1":0,"2":0,"3":0},"f":{},"b":{}}
,"/home/gabrielpr/Documentos/usefashionstore/backend/src/presentation/test/index.ts": {"path":"/home/gabrielpr/Documentos/usefashionstore/backend/src/presentation/test/index.ts","statementMap":{"0":{"start":{"line":1,"column":0},"end":{"line":1,"column":29}},"1":{"start":{"line":2,"column":0},"end":{"line":2,"column":32}}},"fnMap":{},"branchMap":{},"s":{"0":2,"1":2},"f":{},"b":{}}
,"/home/gabrielpr/Documentos/usefashionstore/backend/src/presentation/test/mockAccount.ts": {"path":"/home/gabrielpr/Documentos/usefashionstore/backend/src/presentation/test/mockAccount.ts","statementMap":{"0":{"start":{"line":2,"column":0},"end":{"line":2,"column":64}},"1":{"start":{"line":7,"column":30},"end":{"line":14,"column":1}},"2":{"start":{"line":10,"column":6},"end":{"line":10,"column":null}},"3":{"start":{"line":13,"column":2},"end":{"line":13,"column":null}},"4":{"start":{"line":7,"column":13},"end":{"line":7,"column":30}},"5":{"start":{"line":16,"column":34},"end":{"line":23,"column":1}},"6":{"start":{"line":19,"column":6},"end":{"line":19,"column":null}},"7":{"start":{"line":22,"column":2},"end":{"line":22,"column":null}},"8":{"start":{"line":16,"column":13},"end":{"line":16,"column":34}},"9":{"start":{"line":25,"column":38},"end":{"line":32,"column":1}},"10":{"start":{"line":28,"column":6},"end":{"line":28,"column":null}},"11":{"start":{"line":31,"column":2},"end":{"line":31,"column":null}},"12":{"start":{"line":25,"column":13},"end":{"line":25,"column":38}}},"fnMap":{"0":{"name":"(anonymous_0)","decl":{"start":{"line":7,"column":30},"end":{"line":7,"column":45}},"loc":{"start":{"line":7,"column":47},"end":{"line":14,"column":1}}},"1":{"name":"(anonymous_1)","decl":{"start":{"line":9,"column":4},"end":{"line":9,"column":9}},"loc":{"start":{"line":9,"column":40},"end":{"line":11,"column":5}}},"2":{"name":"(anonymous_2)","decl":{"start":{"line":16,"column":34},"end":{"line":16,"column":53}},"loc":{"start":{"line":16,"column":55},"end":{"line":23,"column":1}}},"3":{"name":"(anonymous_3)","decl":{"start":{"line":18,"column":4},"end":{"line":18,"column":9}},"loc":{"start":{"line":18,"column":52},"end":{"line":20,"column":5}}},"4":{"name":"(anonymous_4)","decl":{"start":{"line":25,"column":38},"end":{"line":25,"column":61}},"loc":{"start":{"line":25,"column":63},"end":{"line":32,"column":1}}},"5":{"name":"(anonymous_5)","decl":{"start":{"line":27,"column":4},"end":{"line":27,"column":9}},"loc":{"start":{"line":27,"column":50},"end":{"line":29,"column":5}}}},"branchMap":{},"s":{"0":2,"1":2,"2":5,"3":8,"4":2,"5":2,"6":7,"7":14,"8":2,"9":2,"10":0,"11":0,"12":2},"f":{"0":8,"1":5,"2":14,"3":7,"4":0,"5":0},"b":{}}
,"/home/gabrielpr/Documentos/usefashionstore/backend/src/presentation/test/mockValidation.ts": {"path":"/home/gabrielpr/Documentos/usefashionstore/backend/src/presentation/test/mockValidation.ts","statementMap":{"0":{"start":{"line":3,"column":30},"end":{"line":11,"column":1}},"1":{"start":{"line":6,"column":6},"end":{"line":6,"column":null}},"2":{"start":{"line":10,"column":2},"end":{"line":10,"column":null}},"3":{"start":{"line":3,"column":13},"end":{"line":3,"column":30}}},"fnMap":{"0":{"name":"(anonymous_0)","decl":{"start":{"line":3,"column":30},"end":{"line":3,"column":45}},"loc":{"start":{"line":3,"column":47},"end":{"line":11,"column":1}}},"1":{"name":"(anonymous_1)","decl":{"start":{"line":5,"column":4},"end":{"line":5,"column":12}},"loc":{"start":{"line":5,"column":24},"end":{"line":7,"column":5}}}},"branchMap":{},"s":{"0":2,"1":12,"2":14,"3":2},"f":{"0":14,"1":12},"b":{}}
,"/home/gabrielpr/Documentos/usefashionstore/backend/src/validation/test/index.ts": {"path":"/home/gabrielpr/Documentos/usefashionstore/backend/src/validation/test/index.ts","statementMap":{"0":{"start":{"line":1,"column":0},"end":{"line":1,"column":36}},"1":{"start":{"line":2,"column":0},"end":{"line":2,"column":32}}},"fnMap":{},"branchMap":{},"s":{"0":2,"1":2},"f":{},"b":{}}
,"/home/gabrielpr/Documentos/usefashionstore/backend/src/validation/test/mockEmailValidator.ts": {"path":"/home/gabrielpr/Documentos/usefashionstore/backend/src/validation/test/mockEmailValidator.ts","statementMap":{"0":{"start":{"line":3,"column":34},"end":{"line":10,"column":1}},"1":{"start":{"line":6,"column":6},"end":{"line":6,"column":null}},"2":{"start":{"line":9,"column":2},"end":{"line":9,"column":null}},"3":{"start":{"line":3,"column":13},"end":{"line":3,"column":34}}},"fnMap":{"0":{"name":"(anonymous_0)","decl":{"start":{"line":3,"column":34},"end":{"line":3,"column":53}},"loc":{"start":{"line":3,"column":55},"end":{"line":10,"column":1}}},"1":{"name":"(anonymous_1)","decl":{"start":{"line":5,"column":4},"end":{"line":5,"column":11}},"loc":{"start":{"line":5,"column":26},"end":{"line":7,"column":5}}}},"branchMap":{},"s":{"0":2,"1":1,"2":3,"3":2},"f":{"0":3,"1":1},"b":{}}
,"/home/gabrielpr/Documentos/usefashionstore/backend/src/validation/test/mockValidation.ts": {"path":"/home/gabrielpr/Documentos/usefashionstore/backend/src/validation/test/mockValidation.ts","statementMap":{"0":{"start":{"line":3,"column":30},"end":{"line":11,"column":1}},"1":{"start":{"line":6,"column":6},"end":{"line":6,"column":null}},"2":{"start":{"line":10,"column":2},"end":{"line":10,"column":null}},"3":{"start":{"line":3,"column":13},"end":{"line":3,"column":30}}},"fnMap":{"0":{"name":"(anonymous_0)","decl":{"start":{"line":3,"column":30},"end":{"line":3,"column":45}},"loc":{"start":{"line":3,"column":47},"end":{"line":11,"column":1}}},"1":{"name":"(anonymous_1)","decl":{"start":{"line":5,"column":4},"end":{"line":5,"column":12}},"loc":{"start":{"line":5,"column":24},"end":{"line":7,"column":5}}}},"branchMap":{},"s":{"0":2,"1":3,"2":6,"3":2},"f":{"0":6,"1":3},"b":{}}
,"/home/gabrielpr/Documentos/usefashionstore/backend/src/validation/validators/compareFieldsValidation.ts": {"path":"/home/gabrielpr/Documentos/usefashionstore/backend/src/validation/validators/compareFieldsValidation.ts","statementMap":{"0":{"start":{"line":1,"column":0},"end":{"line":1,"column":61}},"1":{"start":{"line":10,"column":4},"end":{"line":10,"column":null}},"2":{"start":{"line":11,"column":4},"end":{"line":11,"column":null}},"3":{"start":{"line":15,"column":4},"end":{"line":17,"column":null}},"4":{"start":{"line":16,"column":6},"end":{"line":16,"column":null}},"5":{"start":{"line":5,"column":0},"end":{"line":5,"column":13}}},"fnMap":{"0":{"name":"(anonymous_0)","decl":{"start":{"line":9,"column":2},"end":{"line":9,"column":15}},"loc":{"start":{"line":9,"column":60},"end":{"line":12,"column":3}}},"1":{"name":"(anonymous_1)","decl":{"start":{"line":14,"column":2},"end":{"line":14,"column":10}},"loc":{"start":{"line":14,"column":22},"end":{"line":18,"column":3}}}},"branchMap":{"0":{"loc":{"start":{"line":15,"column":4},"end":{"line":17,"column":null}},"type":"if","locations":[{"start":{"line":15,"column":4},"end":{"line":17,"column":null}}]}},"s":{"0":6,"1":7,"2":7,"3":2,"4":1,"5":6},"f":{"0":7,"1":2},"b":{"0":[1]}}
,"/home/gabrielpr/Documentos/usefashionstore/backend/src/validation/validators/emailValidation.ts": {"path":"/home/gabrielpr/Documentos/usefashionstore/backend/src/validation/validators/emailValidation.ts","statementMap":{"0":{"start":{"line":1,"column":0},"end":{"line":1,"column":61}},"1":{"start":{"line":11,"column":4},"end":{"line":11,"column":null}},"2":{"start":{"line":12,"column":4},"end":{"line":12,"column":null}},"3":{"start":{"line":16,"column":20},"end":{"line":16,"column":70}},"4":{"start":{"line":17,"column":4},"end":{"line":19,"column":null}},"5":{"start":{"line":18,"column":6},"end":{"line":18,"column":null}},"6":{"start":{"line":6,"column":0},"end":{"line":6,"column":13}}},"fnMap":{"0":{"name":"(anonymous_0)","decl":{"start":{"line":10,"column":2},"end":{"line":10,"column":15}},"loc":{"start":{"line":10,"column":64},"end":{"line":13,"column":3}}},"1":{"name":"(anonymous_1)","decl":{"start":{"line":15,"column":2},"end":{"line":15,"column":10}},"loc":{"start":{"line":15,"column":22},"end":{"line":20,"column":3}}}},"branchMap":{"0":{"loc":{"start":{"line":17,"column":4},"end":{"line":19,"column":null}},"type":"if","locations":[{"start":{"line":17,"column":4},"end":{"line":19,"column":null}}]}},"s":{"0":6,"1":13,"2":13,"3":3,"4":2,"5":1,"6":6},"f":{"0":13,"1":3},"b":{"0":[1]}}
,"/home/gabrielpr/Documentos/usefashionstore/backend/src/validation/validators/index.ts": {"path":"/home/gabrielpr/Documentos/usefashionstore/backend/src/validation/validators/index.ts","statementMap":{"0":{"start":{"line":1,"column":0},"end":{"line":1,"column":41}},"1":{"start":{"line":2,"column":0},"end":{"line":2,"column":33}},"2":{"start":{"line":3,"column":0},"end":{"line":3,"column":41}},"3":{"start":{"line":4,"column":0},"end":{"line":4,"column":37}}},"fnMap":{},"branchMap":{},"s":{"0":5,"1":5,"2":5,"3":5},"f":{},"b":{}}
,"/home/gabrielpr/Documentos/usefashionstore/backend/src/validation/validators/requiredFieldValidation.ts": {"path":"/home/gabrielpr/Documentos/usefashionstore/backend/src/validation/validators/requiredFieldValidation.ts","statementMap":{"0":{"start":{"line":1,"column":0},"end":{"line":1,"column":61}},"1":{"start":{"line":9,"column":4},"end":{"line":9,"column":null}},"2":{"start":{"line":13,"column":4},"end":{"line":15,"column":null}},"3":{"start":{"line":14,"column":6},"end":{"line":14,"column":null}},"4":{"start":{"line":5,"column":0},"end":{"line":5,"column":13}}},"fnMap":{"0":{"name":"(anonymous_0)","decl":{"start":{"line":8,"column":2},"end":{"line":8,"column":15}},"loc":{"start":{"line":8,"column":32},"end":{"line":10,"column":3}}},"1":{"name":"(anonymous_1)","decl":{"start":{"line":12,"column":2},"end":{"line":12,"column":10}},"loc":{"start":{"line":12,"column":22},"end":{"line":16,"column":3}}}},"branchMap":{"0":{"loc":{"start":{"line":13,"column":4},"end":{"line":15,"column":null}},"type":"if","locations":[{"start":{"line":13,"column":4},"end":{"line":15,"column":null}}]}},"s":{"0":6,"1":32,"2":2,"3":1,"4":6},"f":{"0":32,"1":2},"b":{"0":[1]}}
,"/home/gabrielpr/Documentos/usefashionstore/backend/src/validation/validators/validationComposite.ts": {"path":"/home/gabrielpr/Documentos/usefashionstore/backend/src/validation/validators/validationComposite.ts","statementMap":{"0":{"start":{"line":8,"column":4},"end":{"line":8,"column":null}},"1":{"start":{"line":12,"column":4},"end":{"line":17,"column":null}},"2":{"start":{"line":13,"column":18},"end":{"line":13,"column":44}},"3":{"start":{"line":14,"column":6},"end":{"line":16,"column":null}},"4":{"start":{"line":15,"column":8},"end":{"line":15,"column":null}},"5":{"start":{"line":3,"column":0},"end":{"line":3,"column":13}}},"fnMap":{"0":{"name":"(anonymous_0)","decl":{"start":{"line":7,"column":2},"end":{"line":7,"column":15}},"loc":{"start":{"line":7,"column":40},"end":{"line":9,"column":3}}},"1":{"name":"(anonymous_1)","decl":{"start":{"line":11,"column":2},"end":{"line":11,"column":10}},"loc":{"start":{"line":11,"column":22},"end":{"line":18,"column":3}}}},"branchMap":{"0":{"loc":{"start":{"line":14,"column":6},"end":{"line":16,"column":null}},"type":"if","locations":[{"start":{"line":14,"column":6},"end":{"line":16,"column":null}}]}},"s":{"0":13,"1":3,"2":5,"3":5,"4":2,"5":6},"f":{"0":13,"1":3},"b":{"0":[2]}}
}
